The target system is: Android - 23 - mips
The host system is: Darwin - 16.5.0 - x86_64
Determining if the C compiler works passed with the following output:
Change Dir: /Users/shiming/Project/publicWork/android-ndk/hello-jni/app/.externalNativeBuild/cmake/mipsRelease/mips/CMakeFiles/CMakeTmp

Run Build Command:"/Users/shiming/Library/Android/sdk/cmake/3.6.3155560/bin/ninja" "cmTC_f7bca"
[1/2] Building C object CMakeFiles/cmTC_f7bca.dir/testCCompiler.c.o
[2/2] Linking C executable cmTC_f7bca


Detecting C compiler ABI info compiled with the following output:
Change Dir: /Users/shiming/Project/publicWork/android-ndk/hello-jni/app/.externalNativeBuild/cmake/mipsRelease/mips/CMakeFiles/CMakeTmp

Run Build Command:"/Users/shiming/Library/Android/sdk/cmake/3.6.3155560/bin/ninja" "cmTC_9268f"
[1/2] Building C object CMakeFiles/cmTC_9268f.dir/CMakeCCompilerABI.c.o
[2/2] Linking C executable cmTC_9268f
Android clang version 3.8.256229  (based on LLVM 3.8.256229)
Target: mipsel-none-linux-android
Thread model: posix
InstalledDir: /Users/shiming/Library/Android/sdk/ndk-bundle/toolchains/llvm/prebuilt/darwin-x86_64/bin
Found candidate GCC installation: /Users/shiming/Library/Android/sdk/ndk-bundle/toolchains/mipsel-linux-android-4.9/prebuilt/darwin-x86_64/lib/gcc/mipsel-linux-android/4.9.x
Selected GCC installation: /Users/shiming/Library/Android/sdk/ndk-bundle/toolchains/mipsel-linux-android-4.9/prebuilt/darwin-x86_64/lib/gcc/mipsel-linux-android/4.9.x
Candidate multilib: mips-r6;@march=mips32r6
Candidate multilib: mips-r2;@march=mips32r2
Candidate multilib: .;
Selected multilib: .;
 "/Users/shiming/Library/Android/sdk/ndk-bundle/toolchains/mipsel-linux-android-4.9/prebuilt/darwin-x86_64/lib/gcc/mipsel-linux-android/4.9.x/../../../../mipsel-linux-android/bin/ld" --sysroot=/Users/shiming/Library/Android/sdk/ndk-bundle/platforms/android-23/arch-mips -pie --sysroot=/Users/shiming/Library/Android/sdk/ndk-bundle/platforms/android-23/arch-mips --eh-frame-hdr -m elf32ltsmip -dynamic-linker /system/bin/linker -o cmTC_9268f /Users/shiming/Library/Android/sdk/ndk-bundle/platforms/android-23/arch-mips/usr/lib/../lib/crtbegin_dynamic.o -L/Users/shiming/Library/Android/sdk/ndk-bundle/toolchains/mipsel-linux-android-4.9/prebuilt/darwin-x86_64/lib/gcc/mipsel-linux-android/4.9.x -L/Users/shiming/Library/Android/sdk/ndk-bundle/toolchains/mipsel-linux-android-4.9/prebuilt/darwin-x86_64/lib/gcc/mipsel-linux-android/4.9.x/../../../../mipsel-linux-android/lib/../lib -L/Users/shiming/Library/Android/sdk/ndk-bundle/platforms/android-23/arch-mips/usr/lib/../lib -L/Users/shiming/Library/Android/sdk/ndk-bundle/toolchains/mipsel-linux-android-4.9/prebuilt/darwin-x86_64/lib/gcc/mipsel-linux-android/4.9.x/../../../../mipsel-linux-android/lib -L/Users/shiming/Library/Android/sdk/ndk-bundle/platforms/android-23/arch-mips/usr/lib --build-id --warn-shared-textrel --fatal-warnings --no-undefined -z noexecstack -z relro -z now --gc-sections -z nocopyreloc --build-id --warn-shared-textrel --fatal-warnings --no-undefined -z noexecstack -z relro -z now --gc-sections -z nocopyreloc CMakeFiles/cmTC_9268f.dir/CMakeCCompilerABI.c.o -lgcc -ldl -lc -lgcc -ldl /Users/shiming/Library/Android/sdk/ndk-bundle/platforms/android-23/arch-mips/usr/lib/../lib/crtend_android.o


Parsed C implicit link information from above output:
  link line regex: [^( *|.*[/\])(mipsel-linux-android-ld|([^/\]+-)?ld|collect2)[^/\]*( |$)]
  ignore line: [Change Dir: /Users/shiming/Project/publicWork/android-ndk/hello-jni/app/.externalNativeBuild/cmake/mipsRelease/mips/CMakeFiles/CMakeTmp]
  ignore line: []
  ignore line: [Run Build Command:"/Users/shiming/Library/Android/sdk/cmake/3.6.3155560/bin/ninja" "cmTC_9268f"]
  ignore line: [[1/2] Building C object CMakeFiles/cmTC_9268f.dir/CMakeCCompilerABI.c.o]
  ignore line: [[2/2] Linking C executable cmTC_9268f]
  ignore line: [Android clang version 3.8.256229  (based on LLVM 3.8.256229)]
  ignore line: [Target: mipsel-none-linux-android]
  ignore line: [Thread model: posix]
  ignore line: [InstalledDir: /Users/shiming/Library/Android/sdk/ndk-bundle/toolchains/llvm/prebuilt/darwin-x86_64/bin]
  ignore line: [Found candidate GCC installation: /Users/shiming/Library/Android/sdk/ndk-bundle/toolchains/mipsel-linux-android-4.9/prebuilt/darwin-x86_64/lib/gcc/mipsel-linux-android/4.9.x]
  ignore line: [Selected GCC installation: /Users/shiming/Library/Android/sdk/ndk-bundle/toolchains/mipsel-linux-android-4.9/prebuilt/darwin-x86_64/lib/gcc/mipsel-linux-android/4.9.x]
  ignore line: [Candidate multilib: mips-r6]
  ignore line: [@march=mips32r6]
  ignore line: [Candidate multilib: mips-r2]
  ignore line: [@march=mips32r2]
  ignore line: [Candidate multilib: .]
  ignore line: []
  ignore line: [Selected multilib: .]
  ignore line: []
  link line: [ "/Users/shiming/Library/Android/sdk/ndk-bundle/toolchains/mipsel-linux-android-4.9/prebuilt/darwin-x86_64/lib/gcc/mipsel-linux-android/4.9.x/../../../../mipsel-linux-android/bin/ld" --sysroot=/Users/shiming/Library/Android/sdk/ndk-bundle/platforms/android-23/arch-mips -pie --sysroot=/Users/shiming/Library/Android/sdk/ndk-bundle/platforms/android-23/arch-mips --eh-frame-hdr -m elf32ltsmip -dynamic-linker /system/bin/linker -o cmTC_9268f /Users/shiming/Library/Android/sdk/ndk-bundle/platforms/android-23/arch-mips/usr/lib/../lib/crtbegin_dynamic.o -L/Users/shiming/Library/Android/sdk/ndk-bundle/toolchains/mipsel-linux-android-4.9/prebuilt/darwin-x86_64/lib/gcc/mipsel-linux-android/4.9.x -L/Users/shiming/Library/Android/sdk/ndk-bundle/toolchains/mipsel-linux-android-4.9/prebuilt/darwin-x86_64/lib/gcc/mipsel-linux-android/4.9.x/../../../../mipsel-linux-android/lib/../lib -L/Users/shiming/Library/Android/sdk/ndk-bundle/platforms/android-23/arch-mips/usr/lib/../lib -L/Users/shiming/Library/Android/sdk/ndk-bundle/toolchains/mipsel-linux-android-4.9/prebuilt/darwin-x86_64/lib/gcc/mipsel-linux-android/4.9.x/../../../../mipsel-linux-android/lib -L/Users/shiming/Library/Android/sdk/ndk-bundle/platforms/android-23/arch-mips/usr/lib --build-id --warn-shared-textrel --fatal-warnings --no-undefined -z noexecstack -z relro -z now --gc-sections -z nocopyreloc --build-id --warn-shared-textrel --fatal-warnings --no-undefined -z noexecstack -z relro -z now --gc-sections -z nocopyreloc CMakeFiles/cmTC_9268f.dir/CMakeCCompilerABI.c.o -lgcc -ldl -lc -lgcc -ldl /Users/shiming/Library/Android/sdk/ndk-bundle/platforms/android-23/arch-mips/usr/lib/../lib/crtend_android.o]
    arg [/Users/shiming/Library/Android/sdk/ndk-bundle/toolchains/mipsel-linux-android-4.9/prebuilt/darwin-x86_64/lib/gcc/mipsel-linux-android/4.9.x/../../../../mipsel-linux-android/bin/ld] ==> ignore
    arg [--sysroot=/Users/shiming/Library/Android/sdk/ndk-bundle/platforms/android-23/arch-mips] ==> ignore
    arg [-pie] ==> ignore
    arg [--sysroot=/Users/shiming/Library/Android/sdk/ndk-bundle/platforms/android-23/arch-mips] ==> ignore
    arg [--eh-frame-hdr] ==> ignore
    arg [-m] ==> ignore
    arg [elf32ltsmip] ==> ignore
    arg [-dynamic-linker] ==> ignore
    arg [/system/bin/linker] ==> ignore
    arg [-o] ==> ignore
    arg [cmTC_9268f] ==> ignore
    arg [/Users/shiming/Library/Android/sdk/ndk-bundle/platforms/android-23/arch-mips/usr/lib/../lib/crtbegin_dynamic.o] ==> ignore
    arg [-L/Users/shiming/Library/Android/sdk/ndk-bundle/toolchains/mipsel-linux-android-4.9/prebuilt/darwin-x86_64/lib/gcc/mipsel-linux-android/4.9.x] ==> dir [/Users/shiming/Library/Android/sdk/ndk-bundle/toolchains/mipsel-linux-android-4.9/prebuilt/darwin-x86_64/lib/gcc/mipsel-linux-android/4.9.x]
    arg [-L/Users/shiming/Library/Android/sdk/ndk-bundle/toolchains/mipsel-linux-android-4.9/prebuilt/darwin-x86_64/lib/gcc/mipsel-linux-android/4.9.x/../../../../mipsel-linux-android/lib/../lib] ==> dir [/Users/shiming/Library/Android/sdk/ndk-bundle/toolchains/mipsel-linux-android-4.9/prebuilt/darwin-x86_64/lib/gcc/mipsel-linux-android/4.9.x/../../../../mipsel-linux-android/lib/../lib]
    arg [-L/Users/shiming/Library/Android/sdk/ndk-bundle/platforms/android-23/arch-mips/usr/lib/../lib] ==> dir [/Users/shiming/Library/Android/sdk/ndk-bundle/platforms/android-23/arch-mips/usr/lib/../lib]
    arg [-L/Users/shiming/Library/Android/sdk/ndk-bundle/toolchains/mipsel-linux-android-4.9/prebuilt/darwin-x86_64/lib/gcc/mipsel-linux-android/4.9.x/../../../../mipsel-linux-android/lib] ==> dir [/Users/shiming/Library/Android/sdk/ndk-bundle/toolchains/mipsel-linux-android-4.9/prebuilt/darwin-x86_64/lib/gcc/mipsel-linux-android/4.9.x/../../../../mipsel-linux-android/lib]
    arg [-L/Users/shiming/Library/Android/sdk/ndk-bundle/platforms/android-23/arch-mips/usr/lib] ==> dir [/Users/shiming/Library/Android/sdk/ndk-bundle/platforms/android-23/arch-mips/usr/lib]
    arg [--build-id] ==> ignore
    arg [--warn-shared-textrel] ==> ignore
    arg [--fatal-warnings] ==> ignore
    arg [--no-undefined] ==> ignore
    arg [-znoexecstack] ==> ignore
    arg [-zrelro] ==> ignore
    arg [-znow] ==> ignore
    arg [--gc-sections] ==> ignore
    arg [-znocopyreloc] ==> ignore
    arg [--build-id] ==> ignore
    arg [--warn-shared-textrel] ==> ignore
    arg [--fatal-warnings] ==> ignore
    arg [--no-undefined] ==> ignore
    arg [-znoexecstack] ==> ignore
    arg [-zrelro] ==> ignore
    arg [-znow] ==> ignore
    arg [--gc-sections] ==> ignore
    arg [-znocopyreloc] ==> ignore
    arg [CMakeFiles/cmTC_9268f.dir/CMakeCCompilerABI.c.o] ==> ignore
    arg [-lgcc] ==> lib [gcc]
    arg [-ldl] ==> lib [dl]
    arg [-lc] ==> lib [c]
    arg [-lgcc] ==> lib [gcc]
    arg [-ldl] ==> lib [dl]
    arg [/Users/shiming/Library/Android/sdk/ndk-bundle/platforms/android-23/arch-mips/usr/lib/../lib/crtend_android.o] ==> ignore
  remove lib [gcc]
  remove lib [gcc]
  collapse library dir [/Users/shiming/Library/Android/sdk/ndk-bundle/toolchains/mipsel-linux-android-4.9/prebuilt/darwin-x86_64/lib/gcc/mipsel-linux-android/4.9.x] ==> [/Users/shiming/Library/Android/sdk/ndk-bundle/toolchains/mipsel-linux-android-4.9/prebuilt/darwin-x86_64/lib/gcc/mipsel-linux-android/4.9.x]
  collapse library dir [/Users/shiming/Library/Android/sdk/ndk-bundle/toolchains/mipsel-linux-android-4.9/prebuilt/darwin-x86_64/lib/gcc/mipsel-linux-android/4.9.x/../../../../mipsel-linux-android/lib/../lib] ==> [/Users/shiming/Library/Android/sdk/ndk-bundle/toolchains/mipsel-linux-android-4.9/prebuilt/darwin-x86_64/mipsel-linux-android/lib]
  collapse library dir [/Users/shiming/Library/Android/sdk/ndk-bundle/platforms/android-23/arch-mips/usr/lib/../lib] ==> [/Users/shiming/Library/Android/sdk/ndk-bundle/platforms/android-23/arch-mips/usr/lib]
  collapse library dir [/Users/shiming/Library/Android/sdk/ndk-bundle/toolchains/mipsel-linux-android-4.9/prebuilt/darwin-x86_64/lib/gcc/mipsel-linux-android/4.9.x/../../../../mipsel-linux-android/lib] ==> [/Users/shiming/Library/Android/sdk/ndk-bundle/toolchains/mipsel-linux-android-4.9/prebuilt/darwin-x86_64/mipsel-linux-android/lib]
  collapse library dir [/Users/shiming/Library/Android/sdk/ndk-bundle/platforms/android-23/arch-mips/usr/lib] ==> [/Users/shiming/Library/Android/sdk/ndk-bundle/platforms/android-23/arch-mips/usr/lib]
  implicit libs: [dl;c;dl]
  implicit dirs: [/Users/shiming/Library/Android/sdk/ndk-bundle/toolchains/mipsel-linux-android-4.9/prebuilt/darwin-x86_64/lib/gcc/mipsel-linux-android/4.9.x;/Users/shiming/Library/Android/sdk/ndk-bundle/toolchains/mipsel-linux-android-4.9/prebuilt/darwin-x86_64/mipsel-linux-android/lib;/Users/shiming/Library/Android/sdk/ndk-bundle/platforms/android-23/arch-mips/usr/lib]
  implicit fwks: []


Determining if the CXX compiler works passed with the following output:
Change Dir: /Users/shiming/Project/publicWork/android-ndk/hello-jni/app/.externalNativeBuild/cmake/mipsRelease/mips/CMakeFiles/CMakeTmp

Run Build Command:"/Users/shiming/Library/Android/sdk/cmake/3.6.3155560/bin/ninja" "cmTC_ec272"
[1/2] Building CXX object CMakeFiles/cmTC_ec272.dir/testCXXCompiler.cxx.o
[2/2] Linking CXX executable cmTC_ec272


Detecting CXX compiler ABI info compiled with the following output:
Change Dir: /Users/shiming/Project/publicWork/android-ndk/hello-jni/app/.externalNativeBuild/cmake/mipsRelease/mips/CMakeFiles/CMakeTmp

Run Build Command:"/Users/shiming/Library/Android/sdk/cmake/3.6.3155560/bin/ninja" "cmTC_359cb"
[1/2] Building CXX object CMakeFiles/cmTC_359cb.dir/CMakeCXXCompilerABI.cpp.o
[2/2] Linking CXX executable cmTC_359cb
Android clang version 3.8.256229  (based on LLVM 3.8.256229)
Target: mipsel-none-linux-android
Thread model: posix
InstalledDir: /Users/shiming/Library/Android/sdk/ndk-bundle/toolchains/llvm/prebuilt/darwin-x86_64/bin
Found candidate GCC installation: /Users/shiming/Library/Android/sdk/ndk-bundle/toolchains/mipsel-linux-android-4.9/prebuilt/darwin-x86_64/lib/gcc/mipsel-linux-android/4.9.x
Selected GCC installation: /Users/shiming/Library/Android/sdk/ndk-bundle/toolchains/mipsel-linux-android-4.9/prebuilt/darwin-x86_64/lib/gcc/mipsel-linux-android/4.9.x
Candidate multilib: mips-r6;@march=mips32r6
Candidate multilib: mips-r2;@march=mips32r2
Candidate multilib: .;
Selected multilib: .;
 "/Users/shiming/Library/Android/sdk/ndk-bundle/toolchains/mipsel-linux-android-4.9/prebuilt/darwin-x86_64/lib/gcc/mipsel-linux-android/4.9.x/../../../../mipsel-linux-android/bin/ld" --sysroot=/Users/shiming/Library/Android/sdk/ndk-bundle/platforms/android-23/arch-mips -pie --sysroot=/Users/shiming/Library/Android/sdk/ndk-bundle/platforms/android-23/arch-mips --eh-frame-hdr -m elf32ltsmip -dynamic-linker /system/bin/linker -o cmTC_359cb /Users/shiming/Library/Android/sdk/ndk-bundle/platforms/android-23/arch-mips/usr/lib/../lib/crtbegin_dynamic.o -L/Users/shiming/Library/Android/sdk/ndk-bundle/toolchains/mipsel-linux-android-4.9/prebuilt/darwin-x86_64/lib/gcc/mipsel-linux-android/4.9.x -L/Users/shiming/Library/Android/sdk/ndk-bundle/toolchains/mipsel-linux-android-4.9/prebuilt/darwin-x86_64/lib/gcc/mipsel-linux-android/4.9.x/../../../../mipsel-linux-android/lib/../lib -L/Users/shiming/Library/Android/sdk/ndk-bundle/platforms/android-23/arch-mips/usr/lib/../lib -L/Users/shiming/Library/Android/sdk/ndk-bundle/toolchains/mipsel-linux-android-4.9/prebuilt/darwin-x86_64/lib/gcc/mipsel-linux-android/4.9.x/../../../../mipsel-linux-android/lib -L/Users/shiming/Library/Android/sdk/ndk-bundle/platforms/android-23/arch-mips/usr/lib --build-id --warn-shared-textrel --fatal-warnings --no-undefined -z noexecstack -z relro -z now --gc-sections -z nocopyreloc --build-id --warn-shared-textrel --fatal-warnings --no-undefined -z noexecstack -z relro -z now --gc-sections -z nocopyreloc CMakeFiles/cmTC_359cb.dir/CMakeCXXCompilerABI.cpp.o -lstdc++ -lm -lgcc -lgcc -ldl -lc -lgcc -lgcc -ldl /Users/shiming/Library/Android/sdk/ndk-bundle/platforms/android-23/arch-mips/usr/lib/../lib/crtend_android.o


Parsed CXX implicit link information from above output:
  link line regex: [^( *|.*[/\])(mipsel-linux-android-ld|([^/\]+-)?ld|collect2)[^/\]*( |$)]
  ignore line: [Change Dir: /Users/shiming/Project/publicWork/android-ndk/hello-jni/app/.externalNativeBuild/cmake/mipsRelease/mips/CMakeFiles/CMakeTmp]
  ignore line: []
  ignore line: [Run Build Command:"/Users/shiming/Library/Android/sdk/cmake/3.6.3155560/bin/ninja" "cmTC_359cb"]
  ignore line: [[1/2] Building CXX object CMakeFiles/cmTC_359cb.dir/CMakeCXXCompilerABI.cpp.o]
  ignore line: [[2/2] Linking CXX executable cmTC_359cb]
  ignore line: [Android clang version 3.8.256229  (based on LLVM 3.8.256229)]
  ignore line: [Target: mipsel-none-linux-android]
  ignore line: [Thread model: posix]
  ignore line: [InstalledDir: /Users/shiming/Library/Android/sdk/ndk-bundle/toolchains/llvm/prebuilt/darwin-x86_64/bin]
  ignore line: [Found candidate GCC installation: /Users/shiming/Library/Android/sdk/ndk-bundle/toolchains/mipsel-linux-android-4.9/prebuilt/darwin-x86_64/lib/gcc/mipsel-linux-android/4.9.x]
  ignore line: [Selected GCC installation: /Users/shiming/Library/Android/sdk/ndk-bundle/toolchains/mipsel-linux-android-4.9/prebuilt/darwin-x86_64/lib/gcc/mipsel-linux-android/4.9.x]
  ignore line: [Candidate multilib: mips-r6]
  ignore line: [@march=mips32r6]
  ignore line: [Candidate multilib: mips-r2]
  ignore line: [@march=mips32r2]
  ignore line: [Candidate multilib: .]
  ignore line: []
  ignore line: [Selected multilib: .]
  ignore line: []
  link line: [ "/Users/shiming/Library/Android/sdk/ndk-bundle/toolchains/mipsel-linux-android-4.9/prebuilt/darwin-x86_64/lib/gcc/mipsel-linux-android/4.9.x/../../../../mipsel-linux-android/bin/ld" --sysroot=/Users/shiming/Library/Android/sdk/ndk-bundle/platforms/android-23/arch-mips -pie --sysroot=/Users/shiming/Library/Android/sdk/ndk-bundle/platforms/android-23/arch-mips --eh-frame-hdr -m elf32ltsmip -dynamic-linker /system/bin/linker -o cmTC_359cb /Users/shiming/Library/Android/sdk/ndk-bundle/platforms/android-23/arch-mips/usr/lib/../lib/crtbegin_dynamic.o -L/Users/shiming/Library/Android/sdk/ndk-bundle/toolchains/mipsel-linux-android-4.9/prebuilt/darwin-x86_64/lib/gcc/mipsel-linux-android/4.9.x -L/Users/shiming/Library/Android/sdk/ndk-bundle/toolchains/mipsel-linux-android-4.9/prebuilt/darwin-x86_64/lib/gcc/mipsel-linux-android/4.9.x/../../../../mipsel-linux-android/lib/../lib -L/Users/shiming/Library/Android/sdk/ndk-bundle/platforms/android-23/arch-mips/usr/lib/../lib -L/Users/shiming/Library/Android/sdk/ndk-bundle/toolchains/mipsel-linux-android-4.9/prebuilt/darwin-x86_64/lib/gcc/mipsel-linux-android/4.9.x/../../../../mipsel-linux-android/lib -L/Users/shiming/Library/Android/sdk/ndk-bundle/platforms/android-23/arch-mips/usr/lib --build-id --warn-shared-textrel --fatal-warnings --no-undefined -z noexecstack -z relro -z now --gc-sections -z nocopyreloc --build-id --warn-shared-textrel --fatal-warnings --no-undefined -z noexecstack -z relro -z now --gc-sections -z nocopyreloc CMakeFiles/cmTC_359cb.dir/CMakeCXXCompilerABI.cpp.o -lstdc++ -lm -lgcc -lgcc -ldl -lc -lgcc -lgcc -ldl /Users/shiming/Library/Android/sdk/ndk-bundle/platforms/android-23/arch-mips/usr/lib/../lib/crtend_android.o]
    arg [/Users/shiming/Library/Android/sdk/ndk-bundle/toolchains/mipsel-linux-android-4.9/prebuilt/darwin-x86_64/lib/gcc/mipsel-linux-android/4.9.x/../../../../mipsel-linux-android/bin/ld] ==> ignore
    arg [--sysroot=/Users/shiming/Library/Android/sdk/ndk-bundle/platforms/android-23/arch-mips] ==> ignore
    arg [-pie] ==> ignore
    arg [--sysroot=/Users/shiming/Library/Android/sdk/ndk-bundle/platforms/android-23/arch-mips] ==> ignore
    arg [--eh-frame-hdr] ==> ignore
    arg [-m] ==> ignore
    arg [elf32ltsmip] ==> ignore
    arg [-dynamic-linker] ==> ignore
    arg [/system/bin/linker] ==> ignore
    arg [-o] ==> ignore
    arg [cmTC_359cb] ==> ignore
    arg [/Users/shiming/Library/Android/sdk/ndk-bundle/platforms/android-23/arch-mips/usr/lib/../lib/crtbegin_dynamic.o] ==> ignore
    arg [-L/Users/shiming/Library/Android/sdk/ndk-bundle/toolchains/mipsel-linux-android-4.9/prebuilt/darwin-x86_64/lib/gcc/mipsel-linux-android/4.9.x] ==> dir [/Users/shiming/Library/Android/sdk/ndk-bundle/toolchains/mipsel-linux-android-4.9/prebuilt/darwin-x86_64/lib/gcc/mipsel-linux-android/4.9.x]
    arg [-L/Users/shiming/Library/Android/sdk/ndk-bundle/toolchains/mipsel-linux-android-4.9/prebuilt/darwin-x86_64/lib/gcc/mipsel-linux-android/4.9.x/../../../../mipsel-linux-android/lib/../lib] ==> dir [/Users/shiming/Library/Android/sdk/ndk-bundle/toolchains/mipsel-linux-android-4.9/prebuilt/darwin-x86_64/lib/gcc/mipsel-linux-android/4.9.x/../../../../mipsel-linux-android/lib/../lib]
    arg [-L/Users/shiming/Library/Android/sdk/ndk-bundle/platforms/android-23/arch-mips/usr/lib/../lib] ==> dir [/Users/shiming/Library/Android/sdk/ndk-bundle/platforms/android-23/arch-mips/usr/lib/../lib]
    arg [-L/Users/shiming/Library/Android/sdk/ndk-bundle/toolchains/mipsel-linux-android-4.9/prebuilt/darwin-x86_64/lib/gcc/mipsel-linux-android/4.9.x/../../../../mipsel-linux-android/lib] ==> dir [/Users/shiming/Library/Android/sdk/ndk-bundle/toolchains/mipsel-linux-android-4.9/prebuilt/darwin-x86_64/lib/gcc/mipsel-linux-android/4.9.x/../../../../mipsel-linux-android/lib]
    arg [-L/Users/shiming/Library/Android/sdk/ndk-bundle/platforms/android-23/arch-mips/usr/lib] ==> dir [/Users/shiming/Library/Android/sdk/ndk-bundle/platforms/android-23/arch-mips/usr/lib]
    arg [--build-id] ==> ignore
    arg [--warn-shared-textrel] ==> ignore
    arg [--fatal-warnings] ==> ignore
    arg [--no-undefined] ==> ignore
    arg [-znoexecstack] ==> ignore
    arg [-zrelro] ==> ignore
    arg [-znow] ==> ignore
    arg [--gc-sections] ==> ignore
    arg [-znocopyreloc] ==> ignore
    arg [--build-id] ==> ignore
    arg [--warn-shared-textrel] ==> ignore
    arg [--fatal-warnings] ==> ignore
    arg [--no-undefined] ==> ignore
    arg [-znoexecstack] ==> ignore
    arg [-zrelro] ==> ignore
    arg [-znow] ==> ignore
    arg [--gc-sections] ==> ignore
    arg [-znocopyreloc] ==> ignore
    arg [CMakeFiles/cmTC_359cb.dir/CMakeCXXCompilerABI.cpp.o] ==> ignore
    arg [-lstdc++] ==> lib [stdc++]
    arg [-lm] ==> lib [m]
    arg [-lgcc] ==> lib [gcc]
    arg [-lgcc] ==> lib [gcc]
    arg [-ldl] ==> lib [dl]
    arg [-lc] ==> lib [c]
    arg [-lgcc] ==> lib [gcc]
    arg [-lgcc] ==> lib [gcc]
    arg [-ldl] ==> lib [dl]
    arg [/Users/shiming/Library/Android/sdk/ndk-bundle/platforms/android-23/arch-mips/usr/lib/../lib/crtend_android.o] ==> ignore
  remove lib [gcc]
  remove lib [gcc]
  remove lib [gcc]
  remove lib [gcc]
  collapse library dir [/Users/shiming/Library/Android/sdk/ndk-bundle/toolchains/mipsel-linux-android-4.9/prebuilt/darwin-x86_64/lib/gcc/mipsel-linux-android/4.9.x] ==> [/Users/shiming/Library/Android/sdk/ndk-bundle/toolchains/mipsel-linux-android-4.9/prebuilt/darwin-x86_64/lib/gcc/mipsel-linux-android/4.9.x]
  collapse library dir [/Users/shiming/Library/Android/sdk/ndk-bundle/toolchains/mipsel-linux-android-4.9/prebuilt/darwin-x86_64/lib/gcc/mipsel-linux-android/4.9.x/../../../../mipsel-linux-android/lib/../lib] ==> [/Users/shiming/Library/Android/sdk/ndk-bundle/toolchains/mipsel-linux-android-4.9/prebuilt/darwin-x86_64/mipsel-linux-android/lib]
  collapse library dir [/Users/shiming/Library/Android/sdk/ndk-bundle/platforms/android-23/arch-mips/usr/lib/../lib] ==> [/Users/shiming/Library/Android/sdk/ndk-bundle/platforms/android-23/arch-mips/usr/lib]
  collapse library dir [/Users/shiming/Library/Android/sdk/ndk-bundle/toolchains/mipsel-linux-android-4.9/prebuilt/darwin-x86_64/lib/gcc/mipsel-linux-android/4.9.x/../../../../mipsel-linux-android/lib] ==> [/Users/shiming/Library/Android/sdk/ndk-bundle/toolchains/mipsel-linux-android-4.9/prebuilt/darwin-x86_64/mipsel-linux-android/lib]
  collapse library dir [/Users/shiming/Library/Android/sdk/ndk-bundle/platforms/android-23/arch-mips/usr/lib] ==> [/Users/shiming/Library/Android/sdk/ndk-bundle/platforms/android-23/arch-mips/usr/lib]
  implicit libs: [stdc++;m;dl;c;dl]
  implicit dirs: [/Users/shiming/Library/Android/sdk/ndk-bundle/toolchains/mipsel-linux-android-4.9/prebuilt/darwin-x86_64/lib/gcc/mipsel-linux-android/4.9.x;/Users/shiming/Library/Android/sdk/ndk-bundle/toolchains/mipsel-linux-android-4.9/prebuilt/darwin-x86_64/mipsel-linux-android/lib;/Users/shiming/Library/Android/sdk/ndk-bundle/platforms/android-23/arch-mips/usr/lib]
  implicit fwks: []


